0 info it worked if it ends with ok
1 verbose cli [ '/home/mix/.nvm/versions/node/v6.8.0/bin/node',
1 verbose cli   '/home/mix/.nvm/versions/node/v6.8.0/bin/npm',
1 verbose cli   'run',
1 verbose cli   'debug' ]
2 info using npm@3.10.8
3 info using node@v6.8.0
4 verbose run-script [ 'predebug', 'debug', 'postdebug' ]
5 info lifecycle demo-sql@1.0.0~predebug: demo-sql@1.0.0
6 silly lifecycle demo-sql@1.0.0~predebug: no script for predebug, continuing
7 info lifecycle demo-sql@1.0.0~debug: demo-sql@1.0.0
8 verbose lifecycle demo-sql@1.0.0~debug: unsafe-perm in lifecycle true
9 verbose lifecycle demo-sql@1.0.0~debug: PATH: /home/mix/.nvm/versions/node/v6.8.0/lib/node_modules/npm/bin/node-gyp-bin:/home/mix/projects/EDA/weka-2016/demo-sql/node_modules/.bin:/home/mix/.nvm/versions/node/v6.8.0/bin:/usr/local/heroku/bin:/usr/local/sbin:/usr/local/bin:/usr/sbin:/usr/bin:/sbin:/bin:/usr/games:/usr/local/games:/home/mix/bin
10 verbose lifecycle demo-sql@1.0.0~debug: CWD: /home/mix/projects/EDA/weka-2016/demo-sql
11 silly lifecycle demo-sql@1.0.0~debug: Args: [ '-c', 'devtool index.js --watch --break' ]
12 silly lifecycle demo-sql@1.0.0~debug: Returned: code: 1  signal: null
13 info lifecycle demo-sql@1.0.0~debug: Failed to exec debug script
14 verbose stack Error: demo-sql@1.0.0 debug: `devtool index.js --watch --break`
14 verbose stack Exit status 1
14 verbose stack     at EventEmitter.<anonymous> (/home/mix/.nvm/versions/node/v6.8.0/lib/node_modules/npm/lib/utils/lifecycle.js:255:16)
14 verbose stack     at emitTwo (events.js:106:13)
14 verbose stack     at EventEmitter.emit (events.js:191:7)
14 verbose stack     at ChildProcess.<anonymous> (/home/mix/.nvm/versions/node/v6.8.0/lib/node_modules/npm/lib/utils/spawn.js:40:14)
14 verbose stack     at emitTwo (events.js:106:13)
14 verbose stack     at ChildProcess.emit (events.js:191:7)
14 verbose stack     at maybeClose (internal/child_process.js:877:16)
14 verbose stack     at Process.ChildProcess._handle.onexit (internal/child_process.js:226:5)
15 verbose pkgid demo-sql@1.0.0
16 verbose cwd /home/mix/projects/EDA/weka-2016/demo-sql
17 error Linux 4.4.0-47-generic
18 error argv "/home/mix/.nvm/versions/node/v6.8.0/bin/node" "/home/mix/.nvm/versions/node/v6.8.0/bin/npm" "run" "debug"
19 error node v6.8.0
20 error npm  v3.10.8
21 error code ELIFECYCLE
22 error demo-sql@1.0.0 debug: `devtool index.js --watch --break`
22 error Exit status 1
23 error Failed at the demo-sql@1.0.0 debug script 'devtool index.js --watch --break'.
23 error Make sure you have the latest version of node.js and npm installed.
23 error If you do, this is most likely a problem with the demo-sql package,
23 error not with npm itself.
23 error Tell the author that this fails on your system:
23 error     devtool index.js --watch --break
23 error You can get information on how to open an issue for this project with:
23 error     npm bugs demo-sql
23 error Or if that isn't available, you can get their info via:
23 error     npm owner ls demo-sql
23 error There is likely additional logging output above.
24 verbose exit [ 1, true ]
